<?xml version="1.0" encoding="UTF-8"?>
<!-- Generated by org.testng.reporters.JUnitXMLReporter -->
<testsuite hostname="DESKTOP-N2E923C" ignored="0" name="LogoValidate" tests="2" failures="1" timestamp="2020-05-29T11:13:12 EDT" time="27.747" errors="0">
  <testcase name="basePageNavigation" time="0.077" classname="Framework.End2End.ValidateTitle"/>
  <testcase name="basePageNavigation" time="0.088" classname="Framework.End2End.LogoValidate">
    <failure type="java.lang.AssertionError" message="expected [false] but found [true]">
      <![CDATA[java.lang.AssertionError: expected [false] but found [true]
at Framework.End2End.LogoValidate.basePageNavigation(LogoValidate.java:33)
at java.util.ArrayList.forEach(Unknown Source)
at java.util.concurrent.FutureTask.run(Unknown Source)
at java.util.concurrent.ThreadPoolExecutor.runWorker(Unknown Source)
at java.util.concurrent.ThreadPoolExecutor$Worker.run(Unknown Source)
at java.lang.Thread.run(Unknown Source)
... Removed 22 stack frames]]>
    </failure>
  </testcase> <!-- basePageNavigation -->
</testsuite> <!-- LogoValidate -->
